<?xml version="1.0" encoding="UTF-8"?>
<testsuites>
  <testsuite name="fastlane.lanes">
    
    
    
      
      <testcase classname="fastlane.lanes" name="0: default_platform" time="0.00031">
        
      </testcase>
    
      
      <testcase classname="fastlane.lanes" name="1: assembledevDebug" time="16.348972">
        
          <failure message="/Library/Ruby/Gems/2.6.0/gems/fastlane-2.213.0/fastlane/lib/fastlane/actions/actions_helper.rb:67:in `execute_action'&#10;/Library/Ruby/Gems/2.6.0/gems/fastlane-2.213.0/fastlane/lib/fastlane/runner.rb:255:in `block in execute_action'&#10;/Library/Ruby/Gems/2.6.0/gems/fastlane-2.213.0/fastlane/lib/fastlane/runner.rb:229:in `chdir'&#10;/Library/Ruby/Gems/2.6.0/gems/fastlane-2.213.0/fastlane/lib/fastlane/runner.rb:229:in `execute_action'&#10;/Library/Ruby/Gems/2.6.0/gems/fastlane-2.213.0/fastlane/lib/fastlane/runner.rb:157:in `trigger_action_by_name'&#10;/Library/Ruby/Gems/2.6.0/gems/fastlane-2.213.0/fastlane/lib/fastlane/fast_file.rb:159:in `method_missing'&#10;Fastfile:29:in `block (2 levels) in parsing_binding'&#10;/Library/Ruby/Gems/2.6.0/gems/fastlane-2.213.0/fastlane/lib/fastlane/lane.rb:33:in `call'&#10;/Library/Ruby/Gems/2.6.0/gems/fastlane-2.213.0/fastlane/lib/fastlane/runner.rb:49:in `block in execute'&#10;/Library/Ruby/Gems/2.6.0/gems/fastlane-2.213.0/fastlane/lib/fastlane/runner.rb:45:in `chdir'&#10;/Library/Ruby/Gems/2.6.0/gems/fastlane-2.213.0/fastlane/lib/fastlane/runner.rb:45:in `execute'&#10;/Library/Ruby/Gems/2.6.0/gems/fastlane-2.213.0/fastlane/lib/fastlane/lane_manager.rb:47:in `cruise_lane'&#10;/Library/Ruby/Gems/2.6.0/gems/fastlane-2.213.0/fastlane/lib/fastlane/command_line_handler.rb:36:in `handle'&#10;/Library/Ruby/Gems/2.6.0/gems/fastlane-2.213.0/fastlane/lib/fastlane/commands_generator.rb:110:in `block (2 levels) in run'&#10;/Library/Ruby/Gems/2.6.0/gems/commander-4.6.0/lib/commander/command.rb:187:in `call'&#10;/Library/Ruby/Gems/2.6.0/gems/commander-4.6.0/lib/commander/command.rb:157:in `run'&#10;/Library/Ruby/Gems/2.6.0/gems/commander-4.6.0/lib/commander/runner.rb:444:in `run_active_command'&#10;/Library/Ruby/Gems/2.6.0/gems/fastlane-2.213.0/fastlane_core/lib/fastlane_core/ui/fastlane_runner.rb:124:in `run!'&#10;/Library/Ruby/Gems/2.6.0/gems/commander-4.6.0/lib/commander/delegates.rb:18:in `run!'&#10;/Library/Ruby/Gems/2.6.0/gems/fastlane-2.213.0/fastlane/lib/fastlane/commands_generator.rb:354:in `run'&#10;/Library/Ruby/Gems/2.6.0/gems/fastlane-2.213.0/fastlane/lib/fastlane/commands_generator.rb:43:in `start'&#10;/Library/Ruby/Gems/2.6.0/gems/fastlane-2.213.0/fastlane/lib/fastlane/cli_tools_distributor.rb:123:in `take_off'&#10;/Library/Ruby/Gems/2.6.0/gems/fastlane-2.213.0/bin/fastlane:23:in `&lt;top (required)&gt;'&#10;/usr/local/bin/fastlane:23:in `load'&#10;/usr/local/bin/fastlane:23:in `&lt;main&gt;'&#10;&#10;Exit status of command '/Users/bravesoft/Documents/BaseSource/BaseMVVMKotlin/gradlew assembledevDebug -p .' was 1 instead of 0.&#10;Starting a Gradle Daemon (subsequent builds will be faster)&#10;&#10;&gt; Configure project :app&#10;WARNING: DSL element 'android.viewBinding.enabled' is obsolete and has been replaced with 'android.buildFeatures.viewBinding'.&#10;It will be removed in version 5.0 of the Android Gradle plugin.&#10;&#10;&gt; Task :app:preBuild UP-TO-DATE&#10;&gt; Task :app:preDevDebugBuild UP-TO-DATE&#10;&gt; Task :app:compileDevDebugAidl NO-SOURCE&#10;&gt; Task :app:compileDevDebugRenderscript NO-SOURCE&#10;&gt; Task :app:dataBindingMergeDependencyArtifactsDevDebug UP-TO-DATE&#10;&gt; Task :app:dataBindingMergeGenClassesDevDebug UP-TO-DATE&#10;&gt; Task :app:generateDevDebugResValues UP-TO-DATE&#10;&gt; Task :app:generateDevDebugResources UP-TO-DATE&#10;&gt; Task :app:mergeDevDebugResources UP-TO-DATE&#10;&gt; Task :app:dataBindingGenBaseClassesDevDebug UP-TO-DATE&#10;&gt; Task :app:generateDevDebugBuildConfig UP-TO-DATE&#10;&gt; Task :app:checkDevDebugAarMetadata UP-TO-DATE&#10;&gt; Task :app:createDevDebugCompatibleScreenManifests&#10;&gt; Task :app:extractDeepLinksDevDebug UP-TO-DATE&#10;&gt; Task :app:processDevDebugMainManifest&#10;&gt; Task :app:processDevDebugManifest&#10;&gt; Task :app:processDevDebugManifestForPackage UP-TO-DATE&#10;&gt; Task :app:processDevDebugResources&#10;&#10;&gt; Task :app:kaptGenerateStubsDevDebugKotlin FAILED&#10;e: java.lang.IllegalAccessError: class org.jetbrains.kotlin.kapt3.base.KaptContext (in unnamed module @0x16c34050) cannot access class com.sun.tools.javac.util.Context (in module jdk.compiler) because module jdk.compiler does not export com.sun.tools.javac.util to unnamed module @0x16c34050&#10;	at org.jetbrains.kotlin.kapt3.base.KaptContext.&lt;init&gt;(KaptContext.kt:29)&#10;	at org.jetbrains.kotlin.kapt3.KaptContextForStubGeneration.&lt;init&gt;(KaptContextForStubGeneration.kt:40)&#10;	at org.jetbrains.kotlin.kapt3.AbstractKapt3Extension.contextForStubGeneration(Kapt3Extension.kt:285)&#10;	at org.jetbrains.kotlin.kapt3.AbstractKapt3Extension.analysisCompleted(Kapt3Extension.kt:169)&#10;	at org.jetbrains.kotlin.kapt3.ClasspathBasedKapt3Extension.analysisCompleted(Kapt3Extension.kt:100)&#10;	at org.jetbrains.kotlin.cli.jvm.compiler.TopDownAnalyzerFacadeForJVM$analyzeFilesWithJavaIntegration$2.invoke(TopDownAnalyzerFacadeForJVM.kt:108)&#10;	at org.jetbrains.kotlin.cli.jvm.compiler.TopDownAnalyzerFacadeForJVM.analyzeFilesWithJavaIntegration(TopDownAnalyzerFacadeForJVM.kt:118)&#10;	at org.jetbrains.kotlin.cli.jvm.compiler.TopDownAnalyzerFacadeForJVM.analyzeFilesWithJavaIntegration$default(TopDownAnalyzerFacadeForJVM.kt:93)&#10;	at org.jetbrains.kotlin.cli.jvm.compiler.KotlinToJVMBytecodeCompiler$analyze$1.invoke(KotlinToJVMBytecodeCompiler.kt:526)&#10;	at org.jetbrains.kotlin.cli.jvm.compiler.KotlinToJVMBytecodeCompiler$analyze$1.invoke(KotlinToJVMBytecodeCompiler.kt:90)&#10;	at org.jetbrains.kotlin.cli.common.messages.AnalyzerWithCompilerReport.analyzeAndReport(AnalyzerWithCompilerReport.kt:115)&#10;	at org.jetbrains.kotlin.cli.jvm.compiler.KotlinToJVMBytecodeCompiler.analyze(KotlinToJVMBytecodeCompiler.kt:517)&#10;	at org.jetbrains.kotlin.cli.jvm.compiler.KotlinToJVMBytecodeCompiler.compileModules$cli(KotlinToJVMBytecodeCompiler.kt:185)&#10;	at org.jetbrains.kotlin.cli.jvm.K2JVMCompiler.doExecute(K2JVMCompiler.kt:164)&#10;	at org.jetbrains.kotlin.cli.jvm.K2JVMCompiler.doExecute(K2JVMCompiler.kt:51)&#10;	at org.jetbrains.kotlin.cli.common.CLICompiler.execImpl(CLICompiler.kt:86)&#10;	at org.jetbrains.kotlin.cli.common.CLICompiler.execImpl(CLICompiler.kt:44)&#10;	at org.jetbrains.kotlin.cli.common.CLITool.exec(CLITool.kt:98)&#10;	at org.jetbrains.kotlin.incremental.IncrementalJvmCompilerRunner.runCompiler(IncrementalJvmCompilerRunner.kt:346)&#10;	at org.jetbrains.kotlin.incremental.IncrementalJvmCompilerRunner.runCompiler(IncrementalJvmCompilerRunner.kt:102)&#10;	at org.jetbrains.kotlin.incremental.IncrementalCompilerRunner.compileIncrementally(IncrementalCompilerRunner.kt:240)&#10;	at org.jetbrains.kotlin.incremental.IncrementalCompilerRunner.access$compileIncrementally(IncrementalCompilerRunner.kt:39)&#10;	at org.jetbrains.kotlin.incremental.IncrementalCompilerRunner$compile$2.invoke(IncrementalCompilerRunner.kt:81)&#10;	at org.jetbrains.kotlin.incremental.IncrementalCompilerRunner.compile(IncrementalCompilerRunner.kt:93)&#10;	at org.jetbrains.kotlin.daemon.CompileServiceImplBase.execIncrementalCompiler(CompileServiceImpl.kt:601)&#10;	at org.jetbrains.kotlin.daemon.CompileServiceImplBase.access$execIncrementalCompiler(CompileServiceImpl.kt:93)&#10;	at org.jetbrains.kotlin.daemon.CompileServiceImpl.compile(CompileServiceImpl.kt:1633)&#10;	at java.base/jdk.internal.reflect.NativeMethodAccessorImpl.invoke0(Native Method)&#10;	at java.base/jdk.internal.reflect.NativeMethodAccessorImpl.invoke(NativeMethodAccessorImpl.java:77)&#10;	at java.base/jdk.internal.reflect.DelegatingMethodAccessorImpl.invoke(DelegatingMethodAccessorImpl.java:43)&#10;	at java.base/java.lang.reflect.Method.invoke(Method.java:568)&#10;	at java.rmi/sun.rmi.server.UnicastServerRef.dispatch(UnicastServerRef.java:360)&#10;	at java.rmi/sun.rmi.transport.Transport$1.run(Transport.java:200)&#10;	at java.rmi/sun.rmi.transport.Transport$1.run(Transport.java:197)&#10;	at java.base/java.security.AccessController.doPrivileged(AccessController.java:712)&#10;	at java.rmi/sun.rmi.transport.Transport.serviceCall(Transport.java:196)&#10;	at java.rmi/sun.rmi.transport.tcp.TCPTransport.handleMessages(TCPTransport.java:587)&#10;	at java.rmi/sun.rmi.transport.tcp.TCPTransport$ConnectionHandler.run0(TCPTransport.java:828)&#10;	at java.rmi/sun.rmi.transport.tcp.TCPTransport$ConnectionHandler.lambda$run$0(TCPTransport.java:705)&#10;	at java.base/java.security.AccessController.doPrivileged(AccessController.java:399)&#10;	at java.rmi/sun.rmi.transport.tcp.TCPTransport$ConnectionHandler.run(TCPTransport.java:704)&#10;	at java.base/java.util.concurrent.ThreadPoolExecutor.runWorker(ThreadPoolExecutor.java:1136)&#10;	at java.base/java.util.concurrent.ThreadPoolExecutor$Worker.run(ThreadPoolExecutor.java:635)&#10;	at java.base/java.lang.Thread.run(Thread.java:833)&#10;&#10;&#10;FAILURE: Build failed with an exception.&#10;&#10;* What went wrong:&#10;Execution failed for task ':app:kaptGenerateStubsDevDebugKotlin'.&#10;&gt; Internal compiler error. See log for more details&#10;&#10;* Try:&#10;Run with --stacktrace option to get the stack trace. Run with --info or --debug option to get more log output. Run with --scan to get full insights.&#10;&#10;* Get more help at https://help.gradle.org&#10;&#10;BUILD FAILED in 14s&#10;14 actionable tasks: 5 executed, 9 up-to-date&#10;" />
        
      </testcase>
    
  </testsuite>
</testsuites>
